[2020-03-30T20:59:31.841] [DEBUG] cheese - login => username:admin,password:123456
[2020-03-30T20:59:31.848] [DEBUG] cheese - admin
[2020-03-30T20:59:32.178] [DEBUG] cheese - null
[2020-03-30T20:59:32.180] [DEBUG] cheese - null
[2020-03-30T21:46:25.223] [DEBUG] cheese - login => username:admin,password:123456
[2020-03-30T21:46:25.228] [DEBUG] cheese - admin
[2020-03-30T21:46:25.336] [DEBUG] cheese - null
[2020-03-30T21:46:25.337] [DEBUG] cheese - null
[2020-03-30T21:47:36.496] [DEBUG] cheese - login => username:admin,password:123456
[2020-03-30T21:47:36.496] [DEBUG] cheese - admin
[2020-03-30T21:47:36.582] [DEBUG] cheese - null
[2020-03-30T21:47:36.582] [DEBUG] cheese - null
[2020-03-30T21:48:05.426] [DEBUG] cheese - login => username:admin,password:123456
[2020-03-30T21:48:05.431] [DEBUG] cheese - admin
[2020-03-30T21:48:05.566] [DEBUG] cheese - null
[2020-03-30T21:48:05.566] [DEBUG] cheese - null
[2020-03-30T21:50:50.903] [DEBUG] cheese - login => username:admin,password:123456
[2020-03-30T21:50:50.905] [DEBUG] cheese - admin
[2020-03-30T21:50:50.996] [DEBUG] cheese - null
[2020-03-30T21:50:50.997] [DEBUG] cheese - null
[2020-03-30T21:51:47.981] [DEBUG] cheese - login => username:admin,password:123456
[2020-03-30T21:51:47.981] [DEBUG] cheese - admin
[2020-03-30T21:51:48.071] [DEBUG] cheese - null
[2020-03-30T21:51:48.071] [DEBUG] cheese - null
[2020-03-30T21:54:23.095] [DEBUG] cheese - login => username:admin,password:123456
[2020-03-30T21:54:23.095] [DEBUG] cheese - admin
[2020-03-30T21:54:23.182] [DEBUG] cheese - null
[2020-03-30T21:54:23.182] [DEBUG] cheese - null
[2020-03-30T21:54:41.508] [DEBUG] cheese - login => username:admin,password:123456
[2020-03-30T21:54:41.509] [DEBUG] cheese - admin
[2020-03-30T21:54:41.528] [DEBUG] cheese - null
[2020-03-30T21:54:41.528] [DEBUG] cheese - null
[2020-03-30T22:12:18.755] [DEBUG] cheese - login => username:admin,password:123456
[2020-03-30T22:12:18.756] [DEBUG] cheese - admin
[2020-03-30T22:12:18.763] [DEBUG] cheese - null
[2020-03-30T22:12:18.763] [DEBUG] cheese - null
[2020-03-30T22:20:57.427] [DEBUG] cheese - login => username:admin,password:123456
[2020-03-30T22:20:57.435] [DEBUG] cheese - admin
[2020-03-30T22:20:57.485] [DEBUG] cheese - login => username:admin,password:123456
[2020-03-30T22:20:57.485] [DEBUG] cheese - admin
[2020-03-30T22:20:57.704] [DEBUG] cheese - null
[2020-03-30T22:20:57.704] [DEBUG] cheese - null
[2020-03-30T22:20:57.841] [DEBUG] cheese - null
[2020-03-30T22:20:57.841] [DEBUG] cheese - null
[2020-03-30T22:24:16.930] [DEBUG] cheese - login => username:admin,password:123456
[2020-03-30T22:24:16.933] [DEBUG] cheese - admin
[2020-03-30T22:24:16.939] [DEBUG] cheese - null
[2020-03-30T22:24:16.939] [DEBUG] cheese - null
[2020-03-31T09:07:01.256] [DEBUG] cheese - login => username:admin,password:123456
[2020-03-31T09:07:01.262] [DEBUG] cheese - admin
[2020-03-31T09:07:09.688] [DEBUG] cheese - login => username:admin,password:123456
[2020-03-31T09:07:09.688] [DEBUG] cheese - admin
[2020-03-31T09:07:10.411] [DEBUG] cheese - login => username:admin,password:123456
[2020-03-31T09:07:10.411] [DEBUG] cheese - admin
[2020-03-31T09:07:19.695] [DEBUG] cheese - { inspect: [Function: inspect] }
[2020-03-31T09:07:19.697] [DEBUG] cheese - 查询失败
[2020-03-31T09:07:20.413] [DEBUG] cheese - { inspect: [Function: inspect] }
[2020-03-31T09:07:20.413] [DEBUG] cheese - 查询失败
[2020-03-31T09:07:21.298] [DEBUG] cheese - { inspect: [Function: inspect] }
[2020-03-31T09:07:21.298] [DEBUG] cheese - 查询失败
[2020-03-31T09:07:33.404] [DEBUG] cheese - login => username:admin,password:123456
[2020-03-31T09:07:33.404] [DEBUG] cheese - admin
[2020-03-31T09:07:33.467] [DEBUG] cheese - login => username:admin,password:123456
[2020-03-31T09:07:33.467] [DEBUG] cheese - admin
[2020-03-31T09:07:33.717] [DEBUG] cheese - login => username:admin,password:123456
[2020-03-31T09:07:33.717] [DEBUG] cheese - admin
[2020-03-31T09:07:43.416] [DEBUG] cheese - { inspect: [Function: inspect] }
[2020-03-31T09:07:43.416] [DEBUG] cheese - 查询失败
[2020-03-31T09:07:43.471] [DEBUG] cheese - { inspect: [Function: inspect] }
[2020-03-31T09:07:43.472] [DEBUG] cheese - 查询失败
[2020-03-31T09:07:43.719] [DEBUG] cheese - { inspect: [Function: inspect] }
[2020-03-31T09:07:43.719] [DEBUG] cheese - 查询失败
[2020-03-31T09:08:56.923] [DEBUG] cheese - login => username:admin,password:123456
[2020-03-31T09:08:56.923] [DEBUG] cheese - admin
[2020-03-31T09:08:56.994] [DEBUG] cheese - login => username:admin,password:123456
[2020-03-31T09:08:56.994] [DEBUG] cheese - admin
[2020-03-31T09:08:57.042] [DEBUG] cheese - null
[2020-03-31T09:08:57.043] [DEBUG] cheese - null
[2020-03-31T09:08:57.180] [DEBUG] cheese - null
[2020-03-31T09:08:57.180] [DEBUG] cheese - null
[2020-03-31T09:16:39.779] [DEBUG] cheese - login => username:admin,password:123456
[2020-03-31T09:16:39.780] [DEBUG] cheese - admin
[2020-03-31T09:16:39.788] [DEBUG] cheese - null
[2020-03-31T09:16:39.788] [DEBUG] cheese - null
[2020-03-31T09:30:38.522] [DEBUG] cheese - login => username:admin,password:123456
[2020-03-31T09:30:38.526] [DEBUG] cheese - admin
[2020-03-31T09:30:38.549] [DEBUG] cheese - null
[2020-03-31T09:30:38.549] [DEBUG] cheese - null
